app/build/intermediates/manifest_merge_blame_file/debug/processDebugMainManifest/manifest-merger-blame-debug-report.txt
1<?xml version="1.0" encoding="utf-8"?>
2<manifest xmlns:android="http://schemas.android.com/apk/res/android"
3    package="com.example.snapdoc"
4    android:versionCode="1"
5    android:versionName="1.0" >
6
7    <uses-sdk
8        android:minSdkVersion="26"
9        android:targetSdkVersion="33" />
10
11    <uses-permission android:name="android.permission.CAMERA" />
11-->src\main\AndroidManifest.xml:6:5-65
11-->src\main\AndroidManifest.xml:6:22-62
12    <uses-permission android:name="android.permission.WRITE_EXTERNAL_STORAGE" />
12-->src\main\AndroidManifest.xml:7:5-81
12-->src\main\AndroidManifest.xml:7:22-78
13    <uses-permission android:name="android.permission.READ_EXTERNAL_STORAGE" />
13-->src\main\AndroidManifest.xml:8:5-80
13-->src\main\AndroidManifest.xml:8:22-77
14
15    <!--
16    <uses-permission android:name="android.permission.CAMERA" />
17    <uses-permission android:name="android.permission.READ_EXTERNAL_STORAGE" android:maxSdkVersion="32" />
18
19    <uses-permission android:name="android.permission.READ_MEDIA_IMAGES" />
20    <uses-permission android:name="android.permission.READ_MEDIA_VIDEO" />
21    <uses-permission android:name="android.permission.READ_MEDIA_AUDIO" />
22    -->
23
24    <uses-feature
24-->src\main\AndroidManifest.xml:19:5-21:36
25        android:name="android.hardware.camera"
25-->src\main\AndroidManifest.xml:20:9-47
26        android:required="false" />
26-->src\main\AndroidManifest.xml:21:9-33
27
28    <permission
28-->[androidx.core:core:1.13.0] AndroidManifest.xml:22:5-24:47
29        android:name="com.example.snapdoc.DYNAMIC_RECEIVER_NOT_EXPORTED_PERMISSION"
29-->[androidx.core:core:1.13.0] AndroidManifest.xml:23:9-81
30        android:protectionLevel="signature" />
30-->[androidx.core:core:1.13.0] AndroidManifest.xml:24:9-44
31
32    <uses-permission android:name="com.example.snapdoc.DYNAMIC_RECEIVER_NOT_EXPORTED_PERMISSION" />
32-->[androidx.core:core:1.13.0] AndroidManifest.xml:26:5-97
32-->[androidx.core:core:1.13.0] AndroidManifest.xml:26:22-94
33
34    <application
34-->src\main\AndroidManifest.xml:23:5-75:19
35        android:name="com.example.snapdoc.models.MyApplication"
35-->src\main\AndroidManifest.xml:27:9-45
36        android:allowBackup="true"
36-->src\main\AndroidManifest.xml:24:9-35
37        android:appComponentFactory="androidx.core.app.CoreComponentFactory"
37-->[androidx.core:core:1.13.0] AndroidManifest.xml:28:18-86
38        android:dataExtractionRules="@xml/data_extraction_rules"
38-->src\main\AndroidManifest.xml:25:9-65
39        android:debuggable="true"
40        android:extractNativeLibs="false"
41        android:fullBackupContent="@xml/backup_rules"
41-->src\main\AndroidManifest.xml:26:9-54
42        android:icon="@mipmap/ic_launcher"
42-->src\main\AndroidManifest.xml:28:9-43
43        android:label="@string/app_name"
43-->src\main\AndroidManifest.xml:29:9-41
44        android:roundIcon="@mipmap/ic_launcher_round"
44-->src\main\AndroidManifest.xml:30:9-54
45        android:supportsRtl="true"
45-->src\main\AndroidManifest.xml:31:9-35
46        android:testOnly="true"
47        android:theme="@style/Theme.SnapDoc" >
47-->src\main\AndroidManifest.xml:32:9-45
48        <activity
48-->src\main\AndroidManifest.xml:34:9-43:19
49            android:name="com.example.snapdoc.activities.PdfViewActivity"
49-->src\main\AndroidManifest.xml:35:13-55
50            android:exported="true" >
50-->src\main\AndroidManifest.xml:37:13-36
51            <meta-data
51-->src\main\AndroidManifest.xml:40:13-42:35
52                android:name="android.app.lib_name"
52-->src\main\AndroidManifest.xml:41:17-52
53                android:value="" />
53-->src\main\AndroidManifest.xml:42:17-33
54        </activity>
55        <activity
55-->src\main\AndroidManifest.xml:44:9-50:20
56            android:name="com.example.snapdoc.activities.ImageViewActivity"
56-->src\main\AndroidManifest.xml:45:13-57
57            android:exported="false" >
57-->src\main\AndroidManifest.xml:46:13-37
58            <meta-data
58-->src\main\AndroidManifest.xml:40:13-42:35
59                android:name="android.app.lib_name"
59-->src\main\AndroidManifest.xml:41:17-52
60                android:value="" />
60-->src\main\AndroidManifest.xml:42:17-33
61        </activity>
62        <activity
62-->src\main\AndroidManifest.xml:51:9-63:20
63            android:name="com.example.snapdoc.activities.MainActivity"
63-->src\main\AndroidManifest.xml:52:13-52
64            android:exported="true"
64-->src\main\AndroidManifest.xml:53:13-36
65            android:label="@string/app_name"
65-->src\main\AndroidManifest.xml:54:13-45
66            android:resizeableActivity="true"
66-->src\main\AndroidManifest.xml:55:13-46
67            android:theme="@style/Theme.SnapDoc.NoActionBar" >
67-->src\main\AndroidManifest.xml:56:13-61
68            <intent-filter>
68-->src\main\AndroidManifest.xml:58:13-62:29
69                <action android:name="android.intent.action.MAIN" />
69-->src\main\AndroidManifest.xml:59:17-69
69-->src\main\AndroidManifest.xml:59:25-66
70
71                <category android:name="android.intent.category.LAUNCHER" />
71-->src\main\AndroidManifest.xml:61:17-77
71-->src\main\AndroidManifest.xml:61:27-74
72            </intent-filter>
73        </activity>
74
75        <provider
75-->src\main\AndroidManifest.xml:65:9-73:20
76            android:name="androidx.core.content.FileProvider"
76-->src\main\AndroidManifest.xml:66:13-62
77            android:authorities="com.example.snapdoc.fileprovider"
77-->src\main\AndroidManifest.xml:67:13-67
78            android:exported="false"
78-->src\main\AndroidManifest.xml:68:13-37
79            android:grantUriPermissions="true" >
79-->src\main\AndroidManifest.xml:69:13-47
80            <meta-data
80-->src\main\AndroidManifest.xml:70:13-72:54
81                android:name="android.support.FILE_PROVIDER_PATHS"
81-->src\main\AndroidManifest.xml:71:17-67
82                android:resource="@xml/file_paths" />
82-->src\main\AndroidManifest.xml:72:17-51
83        </provider>
84
85        <service
85-->[androidx.camera:camera-camera2:1.3.3] AndroidManifest.xml:24:9-33:19
86            android:name="androidx.camera.core.impl.MetadataHolderService"
86-->[androidx.camera:camera-camera2:1.3.3] AndroidManifest.xml:25:13-75
87            android:enabled="false"
87-->[androidx.camera:camera-camera2:1.3.3] AndroidManifest.xml:26:13-36
88            android:exported="false" >
88-->[androidx.camera:camera-camera2:1.3.3] AndroidManifest.xml:27:13-37
89            <meta-data
89-->[androidx.camera:camera-camera2:1.3.3] AndroidManifest.xml:30:13-32:89
90                android:name="androidx.camera.core.impl.MetadataHolderService.DEFAULT_CONFIG_PROVIDER"
90-->[androidx.camera:camera-camera2:1.3.3] AndroidManifest.xml:31:17-103
91                android:value="androidx.camera.camera2.Camera2Config$DefaultProvider" />
91-->[androidx.camera:camera-camera2:1.3.3] AndroidManifest.xml:32:17-86
92        </service>
93
94        <provider
94-->[androidx.emoji2:emoji2:1.2.0] AndroidManifest.xml:24:9-32:20
95            android:name="androidx.startup.InitializationProvider"
95-->[androidx.emoji2:emoji2:1.2.0] AndroidManifest.xml:25:13-67
96            android:authorities="com.example.snapdoc.androidx-startup"
96-->[androidx.emoji2:emoji2:1.2.0] AndroidManifest.xml:26:13-68
97            android:exported="false" >
97-->[androidx.emoji2:emoji2:1.2.0] AndroidManifest.xml:27:13-37
98            <meta-data
98-->[androidx.emoji2:emoji2:1.2.0] AndroidManifest.xml:29:13-31:52
99                android:name="androidx.emoji2.text.EmojiCompatInitializer"
99-->[androidx.emoji2:emoji2:1.2.0] AndroidManifest.xml:30:17-75
100                android:value="androidx.startup" />
100-->[androidx.emoji2:emoji2:1.2.0] AndroidManifest.xml:31:17-49
101            <meta-data
101-->[androidx.lifecycle:lifecycle-process:2.7.0] AndroidManifest.xml:29:13-31:52
102                android:name="androidx.lifecycle.ProcessLifecycleInitializer"
102-->[androidx.lifecycle:lifecycle-process:2.7.0] AndroidManifest.xml:30:17-78
103                android:value="androidx.startup" />
103-->[androidx.lifecycle:lifecycle-process:2.7.0] AndroidManifest.xml:31:17-49
104            <meta-data
104-->[androidx.profileinstaller:profileinstaller:1.3.0] AndroidManifest.xml:29:13-31:52
105                android:name="androidx.profileinstaller.ProfileInstallerInitializer"
105-->[androidx.profileinstaller:profileinstaller:1.3.0] AndroidManifest.xml:30:17-85
106                android:value="androidx.startup" />
106-->[androidx.profileinstaller:profileinstaller:1.3.0] AndroidManifest.xml:31:17-49
107        </provider>
108
109        <uses-library
109-->[androidx.window:window:1.0.0] AndroidManifest.xml:25:9-27:40
110            android:name="androidx.window.extensions"
110-->[androidx.window:window:1.0.0] AndroidManifest.xml:26:13-54
111            android:required="false" />
111-->[androidx.window:window:1.0.0] AndroidManifest.xml:27:13-37
112        <uses-library
112-->[androidx.window:window:1.0.0] AndroidManifest.xml:28:9-30:40
113            android:name="androidx.window.sidecar"
113-->[androidx.window:window:1.0.0] AndroidManifest.xml:29:13-51
114            android:required="false" />
114-->[androidx.window:window:1.0.0] AndroidManifest.xml:30:13-37
115
116        <receiver
116-->[androidx.profileinstaller:profileinstaller:1.3.0] AndroidManifest.xml:34:9-52:20
117            android:name="androidx.profileinstaller.ProfileInstallReceiver"
117-->[androidx.profileinstaller:profileinstaller:1.3.0] AndroidManifest.xml:35:13-76
118            android:directBootAware="false"
118-->[androidx.profileinstaller:profileinstaller:1.3.0] AndroidManifest.xml:36:13-44
119            android:enabled="true"
119-->[androidx.profileinstaller:profileinstaller:1.3.0] AndroidManifest.xml:37:13-35
120            android:exported="true"
120-->[androidx.profileinstaller:profileinstaller:1.3.0] AndroidManifest.xml:38:13-36
121            android:permission="android.permission.DUMP" >
121-->[androidx.profileinstaller:profileinstaller:1.3.0] AndroidManifest.xml:39:13-57
122            <intent-filter>
122-->[androidx.profileinstaller:profileinstaller:1.3.0] AndroidManifest.xml:40:13-42:29
123                <action android:name="androidx.profileinstaller.action.INSTALL_PROFILE" />
123-->[androidx.profileinstaller:profileinstaller:1.3.0] AndroidManifest.xml:41:17-91
123-->[androidx.profileinstaller:profileinstaller:1.3.0] AndroidManifest.xml:41:25-88
124            </intent-filter>
125            <intent-filter>
125-->[androidx.profileinstaller:profileinstaller:1.3.0] AndroidManifest.xml:43:13-45:29
126                <action android:name="androidx.profileinstaller.action.SKIP_FILE" />
126-->[androidx.profileinstaller:profileinstaller:1.3.0] AndroidManifest.xml:44:17-85
126-->[androidx.profileinstaller:profileinstaller:1.3.0] AndroidManifest.xml:44:25-82
127            </intent-filter>
128            <intent-filter>
128-->[androidx.profileinstaller:profileinstaller:1.3.0] AndroidManifest.xml:46:13-48:29
129                <action android:name="androidx.profileinstaller.action.SAVE_PROFILE" />
129-->[androidx.profileinstaller:profileinstaller:1.3.0] AndroidManifest.xml:47:17-88
129-->[androidx.profileinstaller:profileinstaller:1.3.0] AndroidManifest.xml:47:25-85
130            </intent-filter>
131            <intent-filter>
131-->[androidx.profileinstaller:profileinstaller:1.3.0] AndroidManifest.xml:49:13-51:29
132                <action android:name="androidx.profileinstaller.action.BENCHMARK_OPERATION" />
132-->[androidx.profileinstaller:profileinstaller:1.3.0] AndroidManifest.xml:50:17-95
132-->[androidx.profileinstaller:profileinstaller:1.3.0] AndroidManifest.xml:50:25-92
133            </intent-filter>
134        </receiver>
135    </application>
136
137</manifest>